<?xml version="1.0" encoding="UTF-8"?>
<!-- Generated by org.testng.reporters.JUnitReportReporter -->
<testsuite hostname="c54436ee47c8" failures="0" tests="6" name="saucedemotestfiles.SauceLabTest" time="2.826" errors="0" timestamp="2025-07-04T05:49:15 GMT" skipped="0">
  <testcase classname="saucedemotestfiles.SauceLabTest" name="addProductsToCart" time="1.031"/>
  <testcase classname="saucedemotestfiles.SauceLabTest" name="validUserData" time="0.946"/>
  <testcase classname="saucedemotestfiles.SauceLabTest" name="verifyCartItems" time="0.203"/>
  <testcase classname="saucedemotestfiles.SauceLabTest" name="vfyErrorMessage" time="0.420"/>
  <testcase classname="saucedemotestfiles.SauceLabTest" name="vfyOrderPlaceMsg" time="0.194"/>
  <testcase classname="saucedemotestfiles.SauceLabTest" name="vfyTotalAmt" time="0.032"/>
</testsuite> <!-- saucedemotestfiles.SauceLabTest -->
