<?xml version="1.0" encoding="UTF-8"?>
<!-- Generated by org.testng.reporters.JUnitReportReporter -->
<testsuite hostname="Diwakar" failures="0" tests="2" name="saucedemotestfiles.SauceLabLoginPageTest" time="4.984" errors="0" timestamp="2025-07-02T18:20:14 AEST" skipped="0">
  <testcase classname="saucedemotestfiles.SauceLabLoginPageTest" name="validUserData" time="2.035"/>
  <testcase classname="saucedemotestfiles.SauceLabLoginPageTest" name="addProductsToCart" time="2.949"/>
</testsuite> <!-- saucedemotestfiles.SauceLabLoginPageTest -->
